Build started 2015/3/31 19:06:46.
     1>Project "C:\Users\Yang Xu\Documents\GitHub\cocos2dx-flappyHun\MyCppGame\proj.win32\MyCppGame.vcxproj" on node 2 (Build target(s)).
     1>ClCompile:
         D:\Program Files (x86)\Microsoft Visual Studio 12.0\VC\bin\CL.exe /c /I"D:\Cocos\frameworks\cocos2d-x-3.4\cocos\audio\include" /I"D:\Cocos\frameworks\cocos2d-x-3.4\external" /I"D:\Cocos\frameworks\cocos2d-x-3.4\external\chipmunk\include\chipmunk" /I"D:\Cocos\frameworks\cocos2d-x-3.4\extensions" /I..\Classes /I.. /I"D:\Cocos\frameworks\cocos2d-x-3.4\cocos\2d\..\..\cocos\editor-support" /I"D:\Cocos\frameworks\cocos2d-x-3.4\cocos\2d\..\..\cocos" /I"D:\Cocos\frameworks\cocos2d-x-3.4\cocos\2d\..\..\cocos\platform" /I"D:\Cocos\frameworks\cocos2d-x-3.4\cocos\2d\..\..\cocos\platform\desktop" /I"D:\Cocos\frameworks\cocos2d-x-3.4\cocos\2d\..\..\external\glfw3\include\win32" /I"D:\Cocos\frameworks\cocos2d-x-3.4\cocos\2d\..\..\external\win32-specific\gles\include\OGLES" /ZI /nologo /W3 /WX- /MP /Od /Oy- /D WIN32 /D _WINDOWS /D _USE_MATH_DEFINES /D GL_GLEXT_PROTOTYPES /D CC_ENABLE_CHIPMUNK_INTEGRATION=1 /D COCOS2D_DEBUG=1 /D _CRT_SECURE_NO_WARNINGS /D _SCL_SECURE_NO_WARNINGS /D _VARIADIC_MAX=10 /D _UNICODE /D UNICODE /Gm- /EHsc /RTC1 /MD /GS /fp:precise /Zc:wchar_t /Zc:forScope /Fo"Debug.win32\\" /Fd"Debug.win32\vc120.pdb" /Gd /TP /wd4267 /wd4251 /wd4244 /analyze- /errorReport:prompt ..\Classes\AppDelegate.cpp ..\Classes\HelloWorldScene.cpp main.cpp
         AppDelegate.cpp
         HelloWorldScene.cpp
         main.cpp
       ResourceCompile:
         C:\Program Files (x86)\Windows Kits\8.1\bin\x86\rc.exe /D _UNICODE /D UNICODE /l"0x0409" /nologo /fo"Debug.win32\game.res" game.rc 
       PreLinkEvent:
         if not exist "C:\Users\Yang Xu\Documents\GitHub\cocos2dx-flappyHun\MyCppGame\proj.win32\Debug.win32\" mkdir "C:\Users\Yang Xu\Documents\GitHub\cocos2dx-flappyHun\MyCppGame\proj.win32\Debug.win32\"
         xcopy /Y /Q "D:\Cocos\frameworks\cocos2d-x-3.4\prebuilt\win32\*.*" "C:\Users\Yang Xu\Documents\GitHub\cocos2dx-flappyHun\MyCppGame\proj.win32\Debug.win32\"
         
         :VCEnd
         复制了 49 个文件
       Link:
         D:\Program Files (x86)\Microsoft Visual Studio 12.0\VC\bin\link.exe /ERRORREPORT:PROMPT /OUT:"C:\Users\Yang Xu\Documents\GitHub\cocos2dx-flappyHun\MyCppGame\proj.win32\Debug.win32\MyCppGame.exe" /INCREMENTAL /NOLOGO /LIBPATH:"C:\Users\Yang Xu\Documents\GitHub\cocos2dx-flappyHun\MyCppGame\proj.win32\Debug.win32\\" /LIBPATH:"C:\Users\Yang Xu\Documents\GitHub\cocos2dx-flappyHun\MyCppGame\proj.win32\Debug.win32\\" opengl32.lib glew32.lib libzlib.lib libpng.lib libjpeg.lib libtiff.lib libwebp.lib libiconv.lib glfw3.lib freetype250.lib winmm.lib ws2_32.lib libchipmunk.lib kernel32.lib user32.lib gdi32.lib winspool.lib comdlg32.lib advapi32.lib shell32.lib ole32.lib oleaut32.lib uuid.lib odbc32.lib odbccp32.lib /MANIFEST /MANIFESTUAC:"level='asInvoker' uiAccess='false'" /manifest:embed /DEBUG /PDB:"C:\Users\Yang Xu\Documents\GitHub\cocos2dx-flappyHun\MyCppGame\proj.win32\Debug.win32\MyCppGame.pdb" /SUBSYSTEM:WINDOWS /TLBID:1 /DYNAMICBASE /NXCOMPAT /IMPLIB:"C:\Users\Yang Xu\Documents\GitHub\cocos2dx-flappyHun\MyCppGame\proj.win32\Debug.win32\MyCppGame.lib" /MACHINE:X86 /SAFESEH Debug.win32\game.res
         Debug.win32\AppDelegate.obj
         Debug.win32\HelloWorldScene.obj
         Debug.win32\main.obj
     1>AppDelegate.obj : warning LNK4075: ignoring '/EDITANDCONTINUE' due to '/SAFESEH' specification
            Creating library C:\Users\Yang Xu\Documents\GitHub\cocos2dx-flappyHun\MyCppGame\proj.win32\Debug.win32\MyCppGame.lib and object C:\Users\Yang Xu\Documents\GitHub\cocos2dx-flappyHun\MyCppGame\proj.win32\Debug.win32\MyCppGame.exp
         MyCppGame.vcxproj -> C:\Users\Yang Xu\Documents\GitHub\cocos2dx-flappyHun\MyCppGame\proj.win32\Debug.win32\MyCppGame.exe
     1>Done Building Project "C:\Users\Yang Xu\Documents\GitHub\cocos2dx-flappyHun\MyCppGame\proj.win32\MyCppGame.vcxproj" (Build target(s)).

Build succeeded.

Time Elapsed 00:00:07.53
